<?xml version="1.0" encoding="UTF-8"?>
<!-- Generated by org.testng.reporters.JUnitReportReporter -->
<testsuite skipped="0" hostname="Trollizer-PC" name="tests.RestaurantsFunctionalTest" tests="7" failures="0" timestamp="07 Sep 2017 09:15:11 GMT" time="37.419" errors="0">
  <testcase name="redirectToAllArendatorsList" time="2.963" classname="tests.RestaurantsFunctionalTest"/>
  <testcase name="redirectToRestaurantsMap" time="3.884" classname="tests.RestaurantsFunctionalTest"/>
  <testcase name="openRestaurantsBlock" time="2.202" classname="tests.RestaurantsFunctionalTest"/>
  <testcase name="redirectToPrazdnikVkusaWebSite" time="10.247" classname="tests.RestaurantsFunctionalTest"/>
  <testcase name="redirectToCoffeTimeWebSite" time="3.930" classname="tests.RestaurantsFunctionalTest"/>
  <testcase name="redirectToStarBucksWebSite" time="10.061" classname="tests.RestaurantsFunctionalTest"/>
  <testcase name="redirectToFudaWebSite" time="4.132" classname="tests.RestaurantsFunctionalTest"/>
</testsuite> <!-- tests.RestaurantsFunctionalTest -->
