<?xml version="1.0" encoding="UTF-8"?>
<!-- Generated by org.testng.reporters.JUnitReportReporter -->
<testsuite skipped="0" hostname="Trollizer-PC" name="tests.ContactsFunctionalTest" tests="2" failures="0" timestamp="07 Sep 2017 09:15:11 GMT" time="8.780" errors="0">
  <testcase name="openContactsBlock" time="0.240" classname="tests.ContactsFunctionalTest"/>
  <testcase name="redirectToGoogleMaps" time="8.540" classname="tests.ContactsFunctionalTest"/>
</testsuite> <!-- tests.ContactsFunctionalTest -->
