<?xml version="1.0" encoding="UTF-8"?>
<!-- Generated by org.testng.reporters.JUnitReportReporter -->
<testsuite skipped="0" hostname="Trollizer-PC" name="tests.MainPageFunctionalTest" tests="5" failures="0" timestamp="07 Sep 2017 09:15:11 GMT" time="10.501" errors="0">
  <testcase name="closeAdvantagesBlock" time="2.237" classname="tests.MainPageFunctionalTest"/>
  <testcase name="redirectToMediaStormLink" time="1.818" classname="tests.MainPageFunctionalTest"/>
  <testcase name="closeEventsBlock" time="1.855" classname="tests.MainPageFunctionalTest"/>
  <testcase name="closeRestaurantsBlock" time="2.731" classname="tests.MainPageFunctionalTest"/>
  <testcase name="closeRentBlock" time="1.860" classname="tests.MainPageFunctionalTest"/>
</testsuite> <!-- tests.MainPageFunctionalTest -->
