<?xml version="1.0" encoding="UTF-8"?>
<!-- Generated by org.testng.reporters.JUnitReportReporter -->
<testsuite skipped="0" hostname="Trollizer-PC" name="tests.LeftMenuFunctionalTest" tests="8" failures="0" timestamp="07 Sep 2017 09:15:11 GMT" time="10.869" errors="0">
  <testcase name="redirectToContactsLink" time="1.067" classname="tests.LeftMenuFunctionalTest"/>
  <testcase name="redirectToMainPage" time="1.487" classname="tests.LeftMenuFunctionalTest"/>
  <testcase name="redirectToConcertHallsRent" time="1.472" classname="tests.LeftMenuFunctionalTest"/>
  <testcase name="redirectToRoomsRentLink" time="1.417" classname="tests.LeftMenuFunctionalTest"/>
  <testcase name="redirectToPartnersLink" time="1.266" classname="tests.LeftMenuFunctionalTest"/>
  <testcase name="redirectToEventsLink" time="1.580" classname="tests.LeftMenuFunctionalTest"/>
  <testcase name="redirectToInfrastructureLink" time="1.311" classname="tests.LeftMenuFunctionalTest"/>
  <testcase name="redirectToMdmHistory" time="1.269" classname="tests.LeftMenuFunctionalTest"/>
</testsuite> <!-- tests.LeftMenuFunctionalTest -->
