<?xml version="1.0" encoding="UTF-8"?>
<!-- Generated by org.testng.reporters.JUnitReportReporter -->
<testsuite skipped="0" hostname="Trollizer-PC" name="tests.InfrastructureFunctionalTest" tests="8" failures="0" timestamp="07 Sep 2017 09:15:11 GMT" time="136.675" errors="0">
  <testcase name="redirectToShopEliteLink" time="23.839" classname="tests.InfrastructureFunctionalTest"/>
  <testcase name="redirectToBankTrustLink" time="4.404" classname="tests.InfrastructureFunctionalTest"/>
  <testcase name="redirectToRestaurantStarBucksLink" time="7.622" classname="tests.InfrastructureFunctionalTest"/>
  <testcase name="redirectToServiceDelovarLink" time="3.981" classname="tests.InfrastructureFunctionalTest"/>
  <testcase name="redirectToMusicleLink" time="25.013" classname="tests.InfrastructureFunctionalTest"/>
  <testcase name="redirectToAllArendatorsTGILink" time="65.786" classname="tests.InfrastructureFunctionalTest"/>
  <testcase name="openInfrastructureBlock" time="1.871" classname="tests.InfrastructureFunctionalTest"/>
  <testcase name="redirectToSportPilatesLink" time="4.159" classname="tests.InfrastructureFunctionalTest"/>
</testsuite> <!-- tests.InfrastructureFunctionalTest -->
