<?xml version="1.0" encoding="UTF-8"?>
<!-- Generated by org.testng.reporters.JUnitReportReporter -->
<testsuite skipped="0" hostname="Trollizer-PC" name="tests.AdvantagesFuncTest" tests="7" failures="0" timestamp="07 Sep 2017 09:15:11 GMT" time="22.086" errors="0">
  <testcase name="redirectToMetroMap" time="3.361" classname="tests.AdvantagesFuncTest"/>
  <testcase name="redirectToMdmVideo" time="3.933" classname="tests.AdvantagesFuncTest"/>
  <testcase name="openAdvantagesBlock" time="2.464" classname="tests.AdvantagesFuncTest"/>
  <testcase name="redirectToTtkMap" time="3.394" classname="tests.AdvantagesFuncTest"/>
  <testcase name="redirectToParkMap" time="2.168" classname="tests.AdvantagesFuncTest"/>
  <testcase name="redirectToParkingMap" time="2.156" classname="tests.AdvantagesFuncTest"/>
  <testcase name="redirectToAdvantagesMap" time="4.610" classname="tests.AdvantagesFuncTest"/>
</testsuite> <!-- tests.AdvantagesFuncTest -->
