<?xml version="1.0" encoding="UTF-8"?>
<!-- Generated by org.testng.reporters.JUnitReportReporter -->
<testsuite skipped="0" hostname="Trollizer-PC" name="tests.EventsFunctionalTest" tests="4" failures="0" timestamp="07 Sep 2017 09:15:11 GMT" time="31.121" errors="0">
  <testcase name="redirectToEventInfo" time="3.402" classname="tests.EventsFunctionalTest"/>
  <testcase name="redirectToBuyVipService" time="21.519" classname="tests.EventsFunctionalTest"/>
  <testcase name="redirectToEventVIPInfo" time="3.170" classname="tests.EventsFunctionalTest"/>
  <testcase name="openEventsBlock" time="3.030" classname="tests.EventsFunctionalTest"/>
</testsuite> <!-- tests.EventsFunctionalTest -->
